{"C:\\Users\\Hp\\OneDrive\\Desktop\\BACKEND\\Server\\Controllers\\UserController.ts": {"path":"C:\\Users\\Hp\\OneDrive\\Desktop\\BACKEND\\Server\\Controllers\\UserController.ts","statementMap":{"0":{"start":{"line":2,"column":0},"end":{"line":2,"column":54}},"1":{"start":{"line":3,"column":0},"end":{"line":3,"column":28}},"2":{"start":{"line":7,"column":26},"end":{"line":24,"column":1}},"3":{"start":{"line":8,"column":23},"end":{"line":8,"column":31}},"4":{"start":{"line":10,"column":4},"end":{"line":23,"column":5}},"5":{"start":{"line":11,"column":41},"end":{"line":11,"column":115}},"6":{"start":{"line":13,"column":8},"end":{"line":19,"column":9}},"7":{"start":{"line":14,"column":12},"end":{"line":14,"column":46}},"8":{"start":{"line":15,"column":12},"end":{"line":15,"column":19}},"9":{"start":{"line":17,"column":12},"end":{"line":17,"column":66}},"10":{"start":{"line":18,"column":12},"end":{"line":18,"column":19}},"11":{"start":{"line":21,"column":8},"end":{"line":21,"column":36}},"12":{"start":{"line":22,"column":8},"end":{"line":22,"column":15}},"13":{"start":{"line":7,"column":13},"end":{"line":7,"column":26}},"14":{"start":{"line":27,"column":23},"end":{"line":50,"column":1}},"15":{"start":{"line":28,"column":23},"end":{"line":28,"column":36}},"16":{"start":{"line":29,"column":23},"end":{"line":29,"column":31}},"17":{"start":{"line":31,"column":4},"end":{"line":49,"column":5}},"18":{"start":{"line":32,"column":8},"end":{"line":45,"column":9}},"19":{"start":{"line":33,"column":43},"end":{"line":33,"column":111}},"20":{"start":{"line":35,"column":12},"end":{"line":41,"column":13}},"21":{"start":{"line":36,"column":16},"end":{"line":36,"column":48}},"22":{"start":{"line":37,"column":16},"end":{"line":37,"column":23}},"23":{"start":{"line":39,"column":16},"end":{"line":39,"column":70}},"24":{"start":{"line":40,"column":16},"end":{"line":40,"column":23}},"25":{"start":{"line":43,"column":12},"end":{"line":43,"column":90}},"26":{"start":{"line":44,"column":12},"end":{"line":44,"column":19}},"27":{"start":{"line":47,"column":8},"end":{"line":47,"column":36}},"28":{"start":{"line":48,"column":8},"end":{"line":48,"column":15}},"29":{"start":{"line":27,"column":13},"end":{"line":27,"column":23}},"30":{"start":{"line":53,"column":27},"end":{"line":62,"column":1}},"31":{"start":{"line":54,"column":4},"end":{"line":61,"column":5}},"32":{"start":{"line":55,"column":30},"end":{"line":55,"column":94}},"33":{"start":{"line":56,"column":8},"end":{"line":56,"column":36}},"34":{"start":{"line":57,"column":8},"end":{"line":57,"column":15}},"35":{"start":{"line":59,"column":8},"end":{"line":59,"column":36}},"36":{"start":{"line":60,"column":8},"end":{"line":60,"column":15}},"37":{"start":{"line":53,"column":13},"end":{"line":53,"column":27}},"38":{"start":{"line":65,"column":26},"end":{"line":87,"column":1}},"39":{"start":{"line":66,"column":23},"end":{"line":66,"column":36}},"40":{"start":{"line":67,"column":23},"end":{"line":67,"column":31}},"41":{"start":{"line":69,"column":4},"end":{"line":86,"column":5}},"42":{"start":{"line":70,"column":8},"end":{"line":82,"column":9}},"43":{"start":{"line":71,"column":12},"end":{"line":74,"column":13}},"44":{"start":{"line":72,"column":29},"end":{"line":72,"column":53}},"45":{"start":{"line":73,"column":16},"end":{"line":73,"column":79}},"46":{"start":{"line":75,"column":45},"end":{"line":75,"column":147}},"47":{"start":{"line":77,"column":12},"end":{"line":77,"column":46}},"48":{"start":{"line":78,"column":12},"end":{"line":78,"column":19}},"49":{"start":{"line":80,"column":12},"end":{"line":80,"column":90}},"50":{"start":{"line":81,"column":12},"end":{"line":81,"column":19}},"51":{"start":{"line":84,"column":8},"end":{"line":84,"column":57}},"52":{"start":{"line":85,"column":8},"end":{"line":85,"column":15}},"53":{"start":{"line":65,"column":13},"end":{"line":65,"column":26}},"54":{"start":{"line":90,"column":26},"end":{"line":107,"column":1}},"55":{"start":{"line":91,"column":23},"end":{"line":91,"column":36}},"56":{"start":{"line":92,"column":23},"end":{"line":92,"column":31}},"57":{"start":{"line":94,"column":4},"end":{"line":106,"column":5}},"58":{"start":{"line":95,"column":8},"end":{"line":102,"column":9}},"59":{"start":{"line":96,"column":12},"end":{"line":96,"column":50}},"60":{"start":{"line":97,"column":12},"end":{"line":97,"column":78}},"61":{"start":{"line":98,"column":12},"end":{"line":98,"column":19}},"62":{"start":{"line":100,"column":12},"end":{"line":100,"column":92}},"63":{"start":{"line":101,"column":12},"end":{"line":101,"column":19}},"64":{"start":{"line":104,"column":8},"end":{"line":104,"column":57}},"65":{"start":{"line":105,"column":8},"end":{"line":105,"column":15}},"66":{"start":{"line":90,"column":13},"end":{"line":90,"column":26}}},"fnMap":{"0":{"name":"(anonymous_1)","decl":{"start":{"line":7,"column":26},"end":{"line":7,"column":31}},"loc":{"start":{"line":7,"column":85},"end":{"line":24,"column":1}}},"1":{"name":"(anonymous_2)","decl":{"start":{"line":27,"column":23},"end":{"line":27,"column":28}},"loc":{"start":{"line":27,"column":82},"end":{"line":50,"column":1}}},"2":{"name":"(anonymous_3)","decl":{"start":{"line":53,"column":27},"end":{"line":53,"column":32}},"loc":{"start":{"line":53,"column":81},"end":{"line":62,"column":1}}},"3":{"name":"(anonymous_4)","decl":{"start":{"line":65,"column":26},"end":{"line":65,"column":31}},"loc":{"start":{"line":65,"column":85},"end":{"line":87,"column":1}}},"4":{"name":"(anonymous_5)","decl":{"start":{"line":90,"column":26},"end":{"line":90,"column":31}},"loc":{"start":{"line":90,"column":85},"end":{"line":107,"column":1}}}},"branchMap":{"0":{"loc":{"start":{"line":13,"column":8},"end":{"line":19,"column":9}},"type":"if","locations":[{"start":{"line":13,"column":8},"end":{"line":19,"column":9}},{"start":{"line":16,"column":15},"end":{"line":19,"column":9}}]},"1":{"loc":{"start":{"line":32,"column":8},"end":{"line":45,"column":9}},"type":"if","locations":[{"start":{"line":32,"column":8},"end":{"line":45,"column":9}},{"start":{"line":42,"column":15},"end":{"line":45,"column":9}}]},"2":{"loc":{"start":{"line":32,"column":12},"end":{"line":32,"column":54}},"type":"binary-expr","locations":[{"start":{"line":32,"column":12},"end":{"line":32,"column":38}},{"start":{"line":32,"column":42},"end":{"line":32,"column":54}}]},"3":{"loc":{"start":{"line":35,"column":12},"end":{"line":41,"column":13}},"type":"if","locations":[{"start":{"line":35,"column":12},"end":{"line":41,"column":13}},{"start":{"line":38,"column":19},"end":{"line":41,"column":13}}]},"4":{"loc":{"start":{"line":70,"column":8},"end":{"line":82,"column":9}},"type":"if","locations":[{"start":{"line":70,"column":8},"end":{"line":82,"column":9}},{"start":{"line":79,"column":15},"end":{"line":82,"column":9}}]},"5":{"loc":{"start":{"line":70,"column":12},"end":{"line":70,"column":54}},"type":"binary-expr","locations":[{"start":{"line":70,"column":12},"end":{"line":70,"column":38}},{"start":{"line":70,"column":42},"end":{"line":70,"column":54}}]},"6":{"loc":{"start":{"line":71,"column":12},"end":{"line":74,"column":13}},"type":"if","locations":[{"start":{"line":71,"column":12},"end":{"line":74,"column":13}}]},"7":{"loc":{"start":{"line":95,"column":8},"end":{"line":102,"column":9}},"type":"if","locations":[{"start":{"line":95,"column":8},"end":{"line":102,"column":9}},{"start":{"line":99,"column":15},"end":{"line":102,"column":9}}]},"8":{"loc":{"start":{"line":95,"column":12},"end":{"line":95,"column":54}},"type":"binary-expr","locations":[{"start":{"line":95,"column":12},"end":{"line":95,"column":38}},{"start":{"line":95,"column":42},"end":{"line":95,"column":54}}]}},"s":{"0":1,"1":1,"2":1,"3":0,"4":0,"5":0,"6":0,"7":0,"8":0,"9":0,"10":0,"11":0,"12":0,"13":1,"14":1,"15":2,"16":2,"17":2,"18":2,"19":0,"20":0,"21":0,"22":0,"23":0,"24":0,"25":0,"26":0,"27":2,"28":1,"29":1,"30":1,"31":2,"32":2,"33":0,"34":0,"35":2,"36":0,"37":1,"38":1,"39":2,"40":2,"41":2,"42":2,"43":1,"44":0,"45":0,"46":1,"47":0,"48":0,"49":1,"50":1,"51":1,"52":1,"53":1,"54":1,"55":2,"56":2,"57":2,"58":2,"59":1,"60":1,"61":1,"62":1,"63":1,"64":0,"65":0,"66":1},"f":{"0":0,"1":2,"2":2,"3":2,"4":2},"b":{"0":[0,0],"1":[0,0],"2":[2,0],"3":[0,0],"4":[1,1],"5":[2,1],"6":[0],"7":[1,1],"8":[2,1]}}
,"C:\\Users\\Hp\\OneDrive\\Desktop\\BACKEND\\Server\\Middlewares\\middlewares.ts": {"path":"C:\\Users\\Hp\\OneDrive\\Desktop\\BACKEND\\Server\\Middlewares\\middlewares.ts","statementMap":{"0":{"start":{"line":2,"column":0},"end":{"line":2,"column":38}},"1":{"start":{"line":3,"column":0},"end":{"line":3,"column":44}},"2":{"start":{"line":9,"column":31},"end":{"line":46,"column":1}},"3":{"start":{"line":10,"column":4},"end":{"line":45,"column":5}},"4":{"start":{"line":11,"column":28},"end":{"line":11,"column":49}},"5":{"start":{"line":13,"column":8},"end":{"line":18,"column":9}},"6":{"start":{"line":14,"column":12},"end":{"line":16,"column":15}},"7":{"start":{"line":17,"column":12},"end":{"line":17,"column":19}},"8":{"start":{"line":20,"column":29},"end":{"line":20,"column":65}},"9":{"start":{"line":22,"column":8},"end":{"line":27,"column":9}},"10":{"start":{"line":23,"column":12},"end":{"line":25,"column":15}},"11":{"start":{"line":26,"column":12},"end":{"line":26,"column":19}},"12":{"start":{"line":29,"column":21},"end":{"line":29,"column":57}},"13":{"start":{"line":31,"column":8},"end":{"line":36,"column":9}},"14":{"start":{"line":32,"column":12},"end":{"line":34,"column":15}},"15":{"start":{"line":35,"column":12},"end":{"line":35,"column":19}},"16":{"start":{"line":38,"column":8},"end":{"line":38,"column":24}},"17":{"start":{"line":40,"column":8},"end":{"line":40,"column":15}},"18":{"start":{"line":42,"column":8},"end":{"line":44,"column":11}},"19":{"start":{"line":9,"column":13},"end":{"line":9,"column":31}},"20":{"start":{"line":48,"column":23},"end":{"line":63,"column":1}},"21":{"start":{"line":49,"column":17},"end":{"line":49,"column":25}},"22":{"start":{"line":51,"column":4},"end":{"line":56,"column":5}},"23":{"start":{"line":52,"column":8},"end":{"line":54,"column":11}},"24":{"start":{"line":55,"column":8},"end":{"line":55,"column":15}},"25":{"start":{"line":58,"column":4},"end":{"line":60,"column":5}},"26":{"start":{"line":59,"column":8},"end":{"line":59,"column":88}},"27":{"start":{"line":62,"column":4},"end":{"line":62,"column":11}},"28":{"start":{"line":48,"column":13},"end":{"line":48,"column":23}}},"fnMap":{"0":{"name":"(anonymous_1)","decl":{"start":{"line":9,"column":31},"end":{"line":9,"column":36}},"loc":{"start":{"line":9,"column":110},"end":{"line":46,"column":1}}},"1":{"name":"(anonymous_2)","decl":{"start":{"line":48,"column":23},"end":{"line":48,"column":28}},"loc":{"start":{"line":48,"column":87},"end":{"line":63,"column":1}}}},"branchMap":{"0":{"loc":{"start":{"line":13,"column":8},"end":{"line":18,"column":9}},"type":"if","locations":[{"start":{"line":13,"column":8},"end":{"line":18,"column":9}}]},"1":{"loc":{"start":{"line":22,"column":8},"end":{"line":27,"column":9}},"type":"if","locations":[{"start":{"line":22,"column":8},"end":{"line":27,"column":9}}]},"2":{"loc":{"start":{"line":31,"column":8},"end":{"line":36,"column":9}},"type":"if","locations":[{"start":{"line":31,"column":8},"end":{"line":36,"column":9}}]},"3":{"loc":{"start":{"line":51,"column":4},"end":{"line":56,"column":5}},"type":"if","locations":[{"start":{"line":51,"column":4},"end":{"line":56,"column":5}}]},"4":{"loc":{"start":{"line":58,"column":4},"end":{"line":60,"column":5}},"type":"if","locations":[{"start":{"line":58,"column":4},"end":{"line":60,"column":5}}]}},"s":{"0":1,"1":1,"2":1,"3":0,"4":0,"5":0,"6":0,"7":0,"8":0,"9":0,"10":0,"11":0,"12":0,"13":0,"14":0,"15":0,"16":0,"17":0,"18":0,"19":1,"20":1,"21":0,"22":0,"23":0,"24":0,"25":0,"26":0,"27":0,"28":1},"f":{"0":0,"1":0},"b":{"0":[0],"1":[0],"2":[0],"3":[0],"4":[0]}}
,"C:\\Users\\Hp\\OneDrive\\Desktop\\BACKEND\\Server\\Models\\BlogsModel.ts": {"path":"C:\\Users\\Hp\\OneDrive\\Desktop\\BACKEND\\Server\\Models\\BlogsModel.ts","statementMap":{"0":{"start":{"line":1,"column":0},"end":{"line":1,"column":61}},"1":{"start":{"line":12,"column":28},"end":{"line":34,"column":2}},"2":{"start":{"line":36,"column":32},"end":{"line":36,"column":78}},"3":{"start":{"line":37,"column":0},"end":{"line":37,"column":26}}},"fnMap":{},"branchMap":{},"s":{"0":1,"1":1,"2":1,"3":1},"f":{},"b":{}}
,"C:\\Users\\Hp\\OneDrive\\Desktop\\BACKEND\\Server\\Models\\UserModel.ts": {"path":"C:\\Users\\Hp\\OneDrive\\Desktop\\BACKEND\\Server\\Models\\UserModel.ts","statementMap":{"0":{"start":{"line":1,"column":0},"end":{"line":1,"column":53}},"1":{"start":{"line":11,"column":19},"end":{"line":35,"column":2}},"2":{"start":{"line":37,"column":31},"end":{"line":37,"column":72}},"3":{"start":{"line":38,"column":0},"end":{"line":38,"column":25}}},"fnMap":{},"branchMap":{},"s":{"0":1,"1":1,"2":1,"3":1},"f":{},"b":{}}
,"C:\\Users\\Hp\\OneDrive\\Desktop\\BACKEND\\Server\\utils\\server.ts": {"path":"C:\\Users\\Hp\\OneDrive\\Desktop\\BACKEND\\Server\\utils\\server.ts","statementMap":{"0":{"start":{"line":1,"column":0},"end":{"line":1,"column":47}},"1":{"start":{"line":2,"column":0},"end":{"line":2,"column":37}},"2":{"start":{"line":3,"column":0},"end":{"line":3,"column":28}},"3":{"start":{"line":4,"column":0},"end":{"line":4,"column":24}},"4":{"start":{"line":5,"column":0},"end":{"line":5,"column":40}},"5":{"start":{"line":6,"column":0},"end":{"line":6,"column":43}},"6":{"start":{"line":10,"column":0},"end":{"line":10,"column":44}},"7":{"start":{"line":11,"column":0},"end":{"line":11,"column":44}},"8":{"start":{"line":12,"column":0},"end":{"line":12,"column":46}},"9":{"start":{"line":14,"column":13},"end":{"line":14,"column":42}},"10":{"start":{"line":15,"column":0},"end":{"line":15,"column":23}},"11":{"start":{"line":18,"column":0},"end":{"line":21,"column":4}},"12":{"start":{"line":22,"column":0},"end":{"line":22,"column":43}},"13":{"start":{"line":23,"column":0},"end":{"line":23,"column":66}},"14":{"start":{"line":24,"column":0},"end":{"line":24,"column":24}},"15":{"start":{"line":26,"column":0},"end":{"line":26,"column":16}},"16":{"start":{"line":28,"column":0},"end":{"line":28,"column":28}},"17":{"start":{"line":29,"column":0},"end":{"line":29,"column":28}},"18":{"start":{"line":30,"column":0},"end":{"line":30,"column":29}},"19":{"start":{"line":31,"column":0},"end":{"line":33,"column":3}},"20":{"start":{"line":32,"column":4},"end":{"line":32,"column":66}}},"fnMap":{"0":{"name":"(anonymous_1)","decl":{"start":{"line":31,"column":13},"end":{"line":31,"column":14}},"loc":{"start":{"line":31,"column":45},"end":{"line":33,"column":1}}}},"branchMap":{},"s":{"0":1,"1":1,"2":1,"3":1,"4":1,"5":1,"6":1,"7":1,"8":1,"9":1,"10":1,"11":1,"12":1,"13":1,"14":1,"15":1,"16":1,"17":1,"18":1,"19":1,"20":0},"f":{"0":0},"b":{}}
}
