{"C:\\Users\\Hp\\OneDrive\\Desktop\\BACKEND\\Server\\Controllers\\AuthController.ts": {"path":"C:\\Users\\Hp\\OneDrive\\Desktop\\BACKEND\\Server\\Controllers\\AuthController.ts","statementMap":{"0":{"start":{"line":2,"column":0},"end":{"line":2,"column":54}},"1":{"start":{"line":3,"column":0},"end":{"line":3,"column":28}},"2":{"start":{"line":4,"column":0},"end":{"line":4,"column":31}},"3":{"start":{"line":7,"column":25},"end":{"line":7,"column":28}},"4":{"start":{"line":9,"column":28},"end":{"line":51,"column":1}},"5":{"start":{"line":10,"column":68},"end":{"line":10,"column":76}},"6":{"start":{"line":12,"column":4},"end":{"line":24,"column":5}},"7":{"start":{"line":13,"column":8},"end":{"line":13,"column":68}},"8":{"start":{"line":14,"column":8},"end":{"line":14,"column":15}},"9":{"start":{"line":15,"column":11},"end":{"line":24,"column":5}},"10":{"start":{"line":16,"column":8},"end":{"line":16,"column":67}},"11":{"start":{"line":17,"column":8},"end":{"line":17,"column":15}},"12":{"start":{"line":18,"column":11},"end":{"line":24,"column":5}},"13":{"start":{"line":19,"column":8},"end":{"line":19,"column":63}},"14":{"start":{"line":20,"column":8},"end":{"line":20,"column":15}},"15":{"start":{"line":21,"column":11},"end":{"line":24,"column":5}},"16":{"start":{"line":22,"column":8},"end":{"line":22,"column":66}},"17":{"start":{"line":23,"column":8},"end":{"line":23,"column":15}},"18":{"start":{"line":26,"column":4},"end":{"line":50,"column":5}},"19":{"start":{"line":27,"column":29},"end":{"line":27,"column":63}},"20":{"start":{"line":29,"column":8},"end":{"line":32,"column":9}},"21":{"start":{"line":30,"column":12},"end":{"line":30,"column":89}},"22":{"start":{"line":31,"column":12},"end":{"line":31,"column":19}},"23":{"start":{"line":34,"column":21},"end":{"line":34,"column":45}},"24":{"start":{"line":35,"column":31},"end":{"line":35,"column":64}},"25":{"start":{"line":37,"column":24},"end":{"line":43,"column":10}},"26":{"start":{"line":45,"column":8},"end":{"line":45,"column":29}},"27":{"start":{"line":47,"column":8},"end":{"line":47,"column":38}},"28":{"start":{"line":49,"column":8},"end":{"line":49,"column":57}},"29":{"start":{"line":9,"column":13},"end":{"line":9,"column":28}},"30":{"start":{"line":54,"column":25},"end":{"line":107,"column":1}},"31":{"start":{"line":55,"column":69},"end":{"line":55,"column":77}},"32":{"start":{"line":57,"column":4},"end":{"line":63,"column":5}},"33":{"start":{"line":58,"column":8},"end":{"line":58,"column":63}},"34":{"start":{"line":59,"column":8},"end":{"line":59,"column":15}},"35":{"start":{"line":60,"column":10},"end":{"line":63,"column":5}},"36":{"start":{"line":61,"column":8},"end":{"line":61,"column":66}},"37":{"start":{"line":62,"column":8},"end":{"line":62,"column":15}},"38":{"start":{"line":65,"column":4},"end":{"line":106,"column":5}},"39":{"start":{"line":66,"column":21},"end":{"line":66,"column":55}},"40":{"start":{"line":68,"column":8},"end":{"line":102,"column":9}},"41":{"start":{"line":69,"column":29},"end":{"line":69,"column":74}},"42":{"start":{"line":71,"column":12},"end":{"line":74,"column":13}},"43":{"start":{"line":72,"column":16},"end":{"line":72,"column":69}},"44":{"start":{"line":73,"column":16},"end":{"line":73,"column":23}},"45":{"start":{"line":77,"column":32},"end":{"line":77,"column":111}},"46":{"start":{"line":80,"column":33},"end":{"line":80,"column":112}},"47":{"start":{"line":82,"column":12},"end":{"line":87,"column":15}},"48":{"start":{"line":89,"column":12},"end":{"line":94,"column":15}},"49":{"start":{"line":96,"column":12},"end":{"line":96,"column":73}},"50":{"start":{"line":97,"column":12},"end":{"line":97,"column":19}},"51":{"start":{"line":100,"column":12},"end":{"line":100,"column":62}},"52":{"start":{"line":101,"column":12},"end":{"line":101,"column":19}},"53":{"start":{"line":104,"column":8},"end":{"line":104,"column":57}},"54":{"start":{"line":105,"column":8},"end":{"line":105,"column":15}},"55":{"start":{"line":54,"column":13},"end":{"line":54,"column":25}},"56":{"start":{"line":111,"column":33},"end":{"line":148,"column":1}},"57":{"start":{"line":112,"column":4},"end":{"line":147,"column":5}},"58":{"start":{"line":113,"column":28},"end":{"line":113,"column":49}},"59":{"start":{"line":115,"column":8},"end":{"line":120,"column":9}},"60":{"start":{"line":116,"column":12},"end":{"line":118,"column":15}},"61":{"start":{"line":119,"column":12},"end":{"line":119,"column":19}},"62":{"start":{"line":122,"column":29},"end":{"line":122,"column":65}},"63":{"start":{"line":124,"column":8},"end":{"line":129,"column":9}},"64":{"start":{"line":125,"column":12},"end":{"line":127,"column":15}},"65":{"start":{"line":128,"column":12},"end":{"line":128,"column":19}},"66":{"start":{"line":131,"column":21},"end":{"line":131,"column":65}},"67":{"start":{"line":133,"column":8},"end":{"line":138,"column":9}},"68":{"start":{"line":134,"column":12},"end":{"line":136,"column":15}},"69":{"start":{"line":137,"column":12},"end":{"line":137,"column":19}},"70":{"start":{"line":141,"column":8},"end":{"line":141,"column":35}},"71":{"start":{"line":143,"column":8},"end":{"line":145,"column":11}},"72":{"start":{"line":146,"column":8},"end":{"line":146,"column":15}},"73":{"start":{"line":111,"column":13},"end":{"line":111,"column":33}},"74":{"start":{"line":152,"column":23},"end":{"line":177,"column":1}},"75":{"start":{"line":153,"column":4},"end":{"line":176,"column":5}},"76":{"start":{"line":154,"column":29},"end":{"line":154,"column":51}},"77":{"start":{"line":157,"column":29},"end":{"line":157,"column":67}},"78":{"start":{"line":159,"column":8},"end":{"line":163,"column":9}},"79":{"start":{"line":160,"column":12},"end":{"line":162,"column":15}},"80":{"start":{"line":166,"column":28},"end":{"line":166,"column":87}},"81":{"start":{"line":168,"column":8},"end":{"line":171,"column":11}},"82":{"start":{"line":173,"column":8},"end":{"line":173,"column":51}},"83":{"start":{"line":175,"column":8},"end":{"line":175,"column":59}},"84":{"start":{"line":152,"column":13},"end":{"line":152,"column":23}},"85":{"start":{"line":179,"column":22},"end":{"line":187,"column":1}},"86":{"start":{"line":183,"column":4},"end":{"line":183,"column":30}},"87":{"start":{"line":184,"column":4},"end":{"line":184,"column":31}},"88":{"start":{"line":186,"column":4},"end":{"line":186,"column":61}},"89":{"start":{"line":179,"column":13},"end":{"line":179,"column":22}}},"fnMap":{"0":{"name":"(anonymous_1)","decl":{"start":{"line":9,"column":28},"end":{"line":9,"column":33}},"loc":{"start":{"line":9,"column":81},"end":{"line":51,"column":1}}},"1":{"name":"(anonymous_2)","decl":{"start":{"line":54,"column":25},"end":{"line":54,"column":30}},"loc":{"start":{"line":54,"column":78},"end":{"line":107,"column":1}}},"2":{"name":"(anonymous_3)","decl":{"start":{"line":111,"column":33},"end":{"line":111,"column":38}},"loc":{"start":{"line":111,"column":86},"end":{"line":148,"column":1}}},"3":{"name":"(anonymous_4)","decl":{"start":{"line":152,"column":23},"end":{"line":152,"column":28}},"loc":{"start":{"line":152,"column":76},"end":{"line":177,"column":1}}},"4":{"name":"(anonymous_5)","decl":{"start":{"line":179,"column":22},"end":{"line":179,"column":27}},"loc":{"start":{"line":179,"column":75},"end":{"line":187,"column":1}}}},"branchMap":{"0":{"loc":{"start":{"line":12,"column":4},"end":{"line":24,"column":5}},"type":"if","locations":[{"start":{"line":12,"column":4},"end":{"line":24,"column":5}},{"start":{"line":15,"column":11},"end":{"line":24,"column":5}}]},"1":{"loc":{"start":{"line":15,"column":11},"end":{"line":24,"column":5}},"type":"if","locations":[{"start":{"line":15,"column":11},"end":{"line":24,"column":5}},{"start":{"line":18,"column":11},"end":{"line":24,"column":5}}]},"2":{"loc":{"start":{"line":18,"column":11},"end":{"line":24,"column":5}},"type":"if","locations":[{"start":{"line":18,"column":11},"end":{"line":24,"column":5}},{"start":{"line":21,"column":11},"end":{"line":24,"column":5}}]},"3":{"loc":{"start":{"line":21,"column":11},"end":{"line":24,"column":5}},"type":"if","locations":[{"start":{"line":21,"column":11},"end":{"line":24,"column":5}}]},"4":{"loc":{"start":{"line":29,"column":8},"end":{"line":32,"column":9}},"type":"if","locations":[{"start":{"line":29,"column":8},"end":{"line":32,"column":9}}]},"5":{"loc":{"start":{"line":42,"column":21},"end":{"line":42,"column":37}},"type":"binary-expr","locations":[{"start":{"line":42,"column":21},"end":{"line":42,"column":28}},{"start":{"line":42,"column":32},"end":{"line":42,"column":37}}]},"6":{"loc":{"start":{"line":57,"column":4},"end":{"line":63,"column":5}},"type":"if","locations":[{"start":{"line":57,"column":4},"end":{"line":63,"column":5}},{"start":{"line":60,"column":10},"end":{"line":63,"column":5}}]},"7":{"loc":{"start":{"line":60,"column":10},"end":{"line":63,"column":5}},"type":"if","locations":[{"start":{"line":60,"column":10},"end":{"line":63,"column":5}}]},"8":{"loc":{"start":{"line":68,"column":8},"end":{"line":102,"column":9}},"type":"if","locations":[{"start":{"line":68,"column":8},"end":{"line":102,"column":9}},{"start":{"line":99,"column":13},"end":{"line":102,"column":9}}]},"9":{"loc":{"start":{"line":71,"column":12},"end":{"line":74,"column":13}},"type":"if","locations":[{"start":{"line":71,"column":12},"end":{"line":74,"column":13}}]},"10":{"loc":{"start":{"line":115,"column":8},"end":{"line":120,"column":9}},"type":"if","locations":[{"start":{"line":115,"column":8},"end":{"line":120,"column":9}}]},"11":{"loc":{"start":{"line":124,"column":8},"end":{"line":129,"column":9}},"type":"if","locations":[{"start":{"line":124,"column":8},"end":{"line":129,"column":9}}]},"12":{"loc":{"start":{"line":133,"column":8},"end":{"line":138,"column":9}},"type":"if","locations":[{"start":{"line":133,"column":8},"end":{"line":138,"column":9}}]},"13":{"loc":{"start":{"line":159,"column":8},"end":{"line":163,"column":9}},"type":"if","locations":[{"start":{"line":159,"column":8},"end":{"line":163,"column":9}}]}},"s":{"0":3,"1":3,"2":3,"3":3,"4":3,"5":6,"6":6,"7":1,"8":1,"9":5,"10":1,"11":1,"12":4,"13":1,"14":1,"15":3,"16":1,"17":1,"18":2,"19":2,"20":2,"21":1,"22":1,"23":1,"24":1,"25":1,"26":1,"27":1,"28":0,"29":3,"30":3,"31":38,"32":38,"33":1,"34":1,"35":37,"36":1,"37":1,"38":36,"39":36,"40":36,"41":35,"42":35,"43":1,"44":1,"45":34,"46":34,"47":34,"48":34,"49":34,"50":34,"51":1,"52":1,"53":0,"54":0,"55":3,"56":3,"57":0,"58":0,"59":0,"60":0,"61":0,"62":0,"63":0,"64":0,"65":0,"66":0,"67":0,"68":0,"69":0,"70":0,"71":0,"72":0,"73":3,"74":3,"75":0,"76":0,"77":0,"78":0,"79":0,"80":0,"81":0,"82":0,"83":0,"84":3,"85":3,"86":0,"87":0,"88":0,"89":3},"f":{"0":6,"1":38,"2":0,"3":0,"4":0},"b":{"0":[1,5],"1":[1,4],"2":[1,3],"3":[1],"4":[1],"5":[1,0],"6":[1,37],"7":[1],"8":[35,1],"9":[1],"10":[0],"11":[0],"12":[0],"13":[0]}}
,"C:\\Users\\Hp\\OneDrive\\Desktop\\BACKEND\\Server\\Controllers\\BlogsController.ts": {"path":"C:\\Users\\Hp\\OneDrive\\Desktop\\BACKEND\\Server\\Controllers\\BlogsController.ts","statementMap":{"0":{"start":{"line":1,"column":0},"end":{"line":1,"column":56}},"1":{"start":{"line":3,"column":0},"end":{"line":3,"column":67}},"2":{"start":{"line":7,"column":26},"end":{"line":16,"column":1}},"3":{"start":{"line":8,"column":20},"end":{"line":8,"column":44}},"4":{"start":{"line":10,"column":4},"end":{"line":15,"column":5}},"5":{"start":{"line":11,"column":8},"end":{"line":11,"column":29}},"6":{"start":{"line":12,"column":8},"end":{"line":12,"column":38}},"7":{"start":{"line":14,"column":8},"end":{"line":14,"column":47}},"8":{"start":{"line":7,"column":13},"end":{"line":7,"column":26}},"9":{"start":{"line":20,"column":23},"end":{"line":29,"column":1}},"10":{"start":{"line":21,"column":15},"end":{"line":21,"column":28}},"11":{"start":{"line":23,"column":4},"end":{"line":28,"column":5}},"12":{"start":{"line":24,"column":21},"end":{"line":24,"column":50}},"13":{"start":{"line":25,"column":8},"end":{"line":25,"column":35}},"14":{"start":{"line":27,"column":8},"end":{"line":27,"column":47}},"15":{"start":{"line":20,"column":13},"end":{"line":20,"column":23}},"16":{"start":{"line":33,"column":27},"end":{"line":40,"column":1}},"17":{"start":{"line":34,"column":4},"end":{"line":39,"column":5}},"18":{"start":{"line":35,"column":30},"end":{"line":35,"column":53}},"19":{"start":{"line":36,"column":8},"end":{"line":36,"column":36}},"20":{"start":{"line":38,"column":8},"end":{"line":38,"column":47}},"21":{"start":{"line":33,"column":13},"end":{"line":33,"column":27}},"22":{"start":{"line":43,"column":26},"end":{"line":59,"column":1}},"23":{"start":{"line":44,"column":23},"end":{"line":44,"column":36}},"24":{"start":{"line":46,"column":4},"end":{"line":58,"column":5}},"25":{"start":{"line":47,"column":25},"end":{"line":47,"column":62}},"26":{"start":{"line":48,"column":8},"end":{"line":55,"column":9}},"27":{"start":{"line":49,"column":12},"end":{"line":49,"column":57}},"28":{"start":{"line":50,"column":12},"end":{"line":50,"column":43}},"29":{"start":{"line":54,"column":12},"end":{"line":54,"column":67}},"30":{"start":{"line":57,"column":8},"end":{"line":57,"column":47}},"31":{"start":{"line":43,"column":13},"end":{"line":43,"column":26}},"32":{"start":{"line":62,"column":26},"end":{"line":76,"column":1}},"33":{"start":{"line":63,"column":15},"end":{"line":63,"column":28}},"34":{"start":{"line":65,"column":4},"end":{"line":75,"column":5}},"35":{"start":{"line":66,"column":25},"end":{"line":66,"column":54}},"36":{"start":{"line":67,"column":8},"end":{"line":72,"column":9}},"37":{"start":{"line":68,"column":12},"end":{"line":68,"column":39}},"38":{"start":{"line":69,"column":12},"end":{"line":69,"column":78}},"39":{"start":{"line":71,"column":12},"end":{"line":71,"column":67}},"40":{"start":{"line":74,"column":8},"end":{"line":74,"column":47}},"41":{"start":{"line":62,"column":13},"end":{"line":62,"column":26}},"42":{"start":{"line":79,"column":24},"end":{"line":102,"column":1}},"43":{"start":{"line":80,"column":19},"end":{"line":80,"column":32}},"44":{"start":{"line":81,"column":19},"end":{"line":81,"column":34}},"45":{"start":{"line":83,"column":4},"end":{"line":101,"column":5}},"46":{"start":{"line":84,"column":25},"end":{"line":84,"column":58}},"47":{"start":{"line":85,"column":8},"end":{"line":98,"column":9}},"48":{"start":{"line":86,"column":26},"end":{"line":86,"column":56}},"49":{"start":{"line":87,"column":12},"end":{"line":95,"column":13}},"50":{"start":{"line":88,"column":16},"end":{"line":88,"column":48}},"51":{"start":{"line":89,"column":16},"end":{"line":89,"column":38}},"52":{"start":{"line":90,"column":16},"end":{"line":90,"column":73}},"53":{"start":{"line":92,"column":16},"end":{"line":92,"column":44}},"54":{"start":{"line":93,"column":16},"end":{"line":93,"column":38}},"55":{"start":{"line":94,"column":16},"end":{"line":94,"column":71}},"56":{"start":{"line":97,"column":12},"end":{"line":97,"column":67}},"57":{"start":{"line":100,"column":8},"end":{"line":100,"column":47}},"58":{"start":{"line":79,"column":13},"end":{"line":79,"column":24}},"59":{"start":{"line":105,"column":27},"end":{"line":129,"column":1}},"60":{"start":{"line":106,"column":19},"end":{"line":106,"column":32}},"61":{"start":{"line":107,"column":24},"end":{"line":107,"column":32}},"62":{"start":{"line":109,"column":48},"end":{"line":109,"column":56}},"63":{"start":{"line":110,"column":17},"end":{"line":110,"column":43}},"64":{"start":{"line":112,"column":4},"end":{"line":128,"column":5}},"65":{"start":{"line":113,"column":25},"end":{"line":113,"column":58}},"66":{"start":{"line":114,"column":8},"end":{"line":125,"column":9}},"67":{"start":{"line":115,"column":31},"end":{"line":115,"column":87}},"68":{"start":{"line":116,"column":12},"end":{"line":116,"column":36}},"69":{"start":{"line":118,"column":12},"end":{"line":118,"column":51}},"70":{"start":{"line":119,"column":12},"end":{"line":119,"column":34}},"71":{"start":{"line":121,"column":12},"end":{"line":121,"column":45}},"72":{"start":{"line":124,"column":12},"end":{"line":124,"column":67}},"73":{"start":{"line":127,"column":8},"end":{"line":127,"column":47}},"74":{"start":{"line":105,"column":13},"end":{"line":105,"column":27}},"75":{"start":{"line":132,"column":30},"end":{"line":153,"column":1}},"76":{"start":{"line":133,"column":19},"end":{"line":133,"column":32}},"77":{"start":{"line":135,"column":4},"end":{"line":152,"column":5}},"78":{"start":{"line":136,"column":25},"end":{"line":136,"column":58}},"79":{"start":{"line":138,"column":8},"end":{"line":149,"column":9}},"80":{"start":{"line":139,"column":31},"end":{"line":139,"column":48}},"81":{"start":{"line":141,"column":12},"end":{"line":146,"column":13}},"82":{"start":{"line":142,"column":16},"end":{"line":142,"column":79}},"83":{"start":{"line":144,"column":33},"end":{"line":144,"column":87}},"84":{"start":{"line":145,"column":16},"end":{"line":145,"column":47}},"85":{"start":{"line":148,"column":12},"end":{"line":148,"column":69}},"86":{"start":{"line":151,"column":8},"end":{"line":151,"column":57}},"87":{"start":{"line":132,"column":13},"end":{"line":132,"column":30}}},"fnMap":{"0":{"name":"(anonymous_1)","decl":{"start":{"line":7,"column":26},"end":{"line":7,"column":31}},"loc":{"start":{"line":7,"column":79},"end":{"line":16,"column":1}}},"1":{"name":"(anonymous_2)","decl":{"start":{"line":20,"column":23},"end":{"line":20,"column":28}},"loc":{"start":{"line":20,"column":76},"end":{"line":29,"column":1}}},"2":{"name":"(anonymous_3)","decl":{"start":{"line":33,"column":27},"end":{"line":33,"column":32}},"loc":{"start":{"line":33,"column":81},"end":{"line":40,"column":1}}},"3":{"name":"(anonymous_4)","decl":{"start":{"line":43,"column":26},"end":{"line":43,"column":31}},"loc":{"start":{"line":43,"column":79},"end":{"line":59,"column":1}}},"4":{"name":"(anonymous_5)","decl":{"start":{"line":62,"column":26},"end":{"line":62,"column":31}},"loc":{"start":{"line":62,"column":79},"end":{"line":76,"column":1}}},"5":{"name":"(anonymous_6)","decl":{"start":{"line":79,"column":24},"end":{"line":79,"column":29}},"loc":{"start":{"line":79,"column":77},"end":{"line":102,"column":1}}},"6":{"name":"(anonymous_7)","decl":{"start":{"line":105,"column":27},"end":{"line":105,"column":32}},"loc":{"start":{"line":105,"column":86},"end":{"line":129,"column":1}}},"7":{"name":"(anonymous_8)","decl":{"start":{"line":132,"column":30},"end":{"line":132,"column":35}},"loc":{"start":{"line":132,"column":83},"end":{"line":153,"column":1}}}},"branchMap":{"0":{"loc":{"start":{"line":48,"column":8},"end":{"line":55,"column":9}},"type":"if","locations":[{"start":{"line":48,"column":8},"end":{"line":55,"column":9}},{"start":{"line":53,"column":13},"end":{"line":55,"column":9}}]},"1":{"loc":{"start":{"line":67,"column":8},"end":{"line":72,"column":9}},"type":"if","locations":[{"start":{"line":67,"column":8},"end":{"line":72,"column":9}},{"start":{"line":70,"column":15},"end":{"line":72,"column":9}}]},"2":{"loc":{"start":{"line":85,"column":8},"end":{"line":98,"column":9}},"type":"if","locations":[{"start":{"line":85,"column":8},"end":{"line":98,"column":9}},{"start":{"line":96,"column":15},"end":{"line":98,"column":9}}]},"3":{"loc":{"start":{"line":87,"column":12},"end":{"line":95,"column":13}},"type":"if","locations":[{"start":{"line":87,"column":12},"end":{"line":95,"column":13}},{"start":{"line":91,"column":19},"end":{"line":95,"column":13}}]},"4":{"loc":{"start":{"line":114,"column":8},"end":{"line":125,"column":9}},"type":"if","locations":[{"start":{"line":114,"column":8},"end":{"line":125,"column":9}},{"start":{"line":123,"column":13},"end":{"line":125,"column":9}}]},"5":{"loc":{"start":{"line":138,"column":8},"end":{"line":149,"column":9}},"type":"if","locations":[{"start":{"line":138,"column":8},"end":{"line":149,"column":9}},{"start":{"line":147,"column":15},"end":{"line":149,"column":9}}]},"6":{"loc":{"start":{"line":141,"column":12},"end":{"line":146,"column":13}},"type":"if","locations":[{"start":{"line":141,"column":12},"end":{"line":146,"column":13}},{"start":{"line":143,"column":19},"end":{"line":146,"column":13}}]}},"s":{"0":3,"1":3,"2":3,"3":5,"4":5,"5":5,"6":1,"7":4,"8":3,"9":3,"10":2,"11":2,"12":2,"13":1,"14":1,"15":3,"16":3,"17":1,"18":1,"19":1,"20":0,"21":3,"22":3,"23":2,"24":2,"25":2,"26":1,"27":1,"28":1,"29":0,"30":1,"31":3,"32":3,"33":3,"34":3,"35":3,"36":2,"37":1,"38":1,"39":1,"40":1,"41":3,"42":3,"43":3,"44":3,"45":3,"46":3,"47":2,"48":1,"49":1,"50":0,"51":0,"52":0,"53":1,"54":1,"55":1,"56":1,"57":1,"58":3,"59":3,"60":3,"61":3,"62":3,"63":3,"64":3,"65":3,"66":2,"67":1,"68":1,"69":1,"70":1,"71":1,"72":1,"73":1,"74":3,"75":3,"76":3,"77":3,"78":3,"79":2,"80":1,"81":1,"82":0,"83":1,"84":1,"85":1,"86":1,"87":3},"f":{"0":5,"1":2,"2":1,"3":2,"4":3,"5":3,"6":3,"7":3},"b":{"0":[1,0],"1":[1,1],"2":[1,1],"3":[0,1],"4":[1,1],"5":[1,1],"6":[0,1]}}
,"C:\\Users\\Hp\\OneDrive\\Desktop\\BACKEND\\Server\\Controllers\\UserController.ts": {"path":"C:\\Users\\Hp\\OneDrive\\Desktop\\BACKEND\\Server\\Controllers\\UserController.ts","statementMap":{"0":{"start":{"line":2,"column":0},"end":{"line":2,"column":54}},"1":{"start":{"line":3,"column":0},"end":{"line":3,"column":28}},"2":{"start":{"line":7,"column":26},"end":{"line":24,"column":1}},"3":{"start":{"line":8,"column":23},"end":{"line":8,"column":31}},"4":{"start":{"line":10,"column":4},"end":{"line":23,"column":5}},"5":{"start":{"line":11,"column":41},"end":{"line":11,"column":115}},"6":{"start":{"line":13,"column":8},"end":{"line":19,"column":9}},"7":{"start":{"line":14,"column":12},"end":{"line":14,"column":46}},"8":{"start":{"line":15,"column":12},"end":{"line":15,"column":19}},"9":{"start":{"line":17,"column":12},"end":{"line":17,"column":66}},"10":{"start":{"line":18,"column":12},"end":{"line":18,"column":19}},"11":{"start":{"line":21,"column":8},"end":{"line":21,"column":36}},"12":{"start":{"line":22,"column":8},"end":{"line":22,"column":15}},"13":{"start":{"line":7,"column":13},"end":{"line":7,"column":26}},"14":{"start":{"line":27,"column":23},"end":{"line":50,"column":1}},"15":{"start":{"line":28,"column":23},"end":{"line":28,"column":36}},"16":{"start":{"line":29,"column":23},"end":{"line":29,"column":31}},"17":{"start":{"line":31,"column":4},"end":{"line":49,"column":5}},"18":{"start":{"line":32,"column":8},"end":{"line":45,"column":9}},"19":{"start":{"line":33,"column":43},"end":{"line":33,"column":111}},"20":{"start":{"line":35,"column":12},"end":{"line":41,"column":13}},"21":{"start":{"line":36,"column":16},"end":{"line":36,"column":48}},"22":{"start":{"line":37,"column":16},"end":{"line":37,"column":23}},"23":{"start":{"line":39,"column":16},"end":{"line":39,"column":70}},"24":{"start":{"line":40,"column":16},"end":{"line":40,"column":23}},"25":{"start":{"line":43,"column":12},"end":{"line":43,"column":90}},"26":{"start":{"line":44,"column":12},"end":{"line":44,"column":19}},"27":{"start":{"line":47,"column":8},"end":{"line":47,"column":36}},"28":{"start":{"line":48,"column":8},"end":{"line":48,"column":15}},"29":{"start":{"line":27,"column":13},"end":{"line":27,"column":23}},"30":{"start":{"line":53,"column":27},"end":{"line":62,"column":1}},"31":{"start":{"line":54,"column":4},"end":{"line":61,"column":5}},"32":{"start":{"line":55,"column":30},"end":{"line":55,"column":94}},"33":{"start":{"line":56,"column":8},"end":{"line":56,"column":36}},"34":{"start":{"line":57,"column":8},"end":{"line":57,"column":15}},"35":{"start":{"line":59,"column":8},"end":{"line":59,"column":36}},"36":{"start":{"line":60,"column":8},"end":{"line":60,"column":15}},"37":{"start":{"line":53,"column":13},"end":{"line":53,"column":27}},"38":{"start":{"line":65,"column":26},"end":{"line":87,"column":1}},"39":{"start":{"line":66,"column":23},"end":{"line":66,"column":36}},"40":{"start":{"line":67,"column":23},"end":{"line":67,"column":31}},"41":{"start":{"line":69,"column":4},"end":{"line":86,"column":5}},"42":{"start":{"line":70,"column":8},"end":{"line":82,"column":9}},"43":{"start":{"line":71,"column":12},"end":{"line":74,"column":13}},"44":{"start":{"line":72,"column":29},"end":{"line":72,"column":53}},"45":{"start":{"line":73,"column":16},"end":{"line":73,"column":79}},"46":{"start":{"line":75,"column":45},"end":{"line":75,"column":147}},"47":{"start":{"line":77,"column":12},"end":{"line":77,"column":46}},"48":{"start":{"line":78,"column":12},"end":{"line":78,"column":19}},"49":{"start":{"line":80,"column":12},"end":{"line":80,"column":90}},"50":{"start":{"line":81,"column":12},"end":{"line":81,"column":19}},"51":{"start":{"line":84,"column":8},"end":{"line":84,"column":57}},"52":{"start":{"line":85,"column":8},"end":{"line":85,"column":15}},"53":{"start":{"line":65,"column":13},"end":{"line":65,"column":26}},"54":{"start":{"line":90,"column":26},"end":{"line":107,"column":1}},"55":{"start":{"line":91,"column":23},"end":{"line":91,"column":36}},"56":{"start":{"line":92,"column":23},"end":{"line":92,"column":31}},"57":{"start":{"line":94,"column":4},"end":{"line":106,"column":5}},"58":{"start":{"line":95,"column":8},"end":{"line":102,"column":9}},"59":{"start":{"line":96,"column":12},"end":{"line":96,"column":50}},"60":{"start":{"line":97,"column":12},"end":{"line":97,"column":78}},"61":{"start":{"line":98,"column":12},"end":{"line":98,"column":19}},"62":{"start":{"line":100,"column":12},"end":{"line":100,"column":92}},"63":{"start":{"line":101,"column":12},"end":{"line":101,"column":19}},"64":{"start":{"line":104,"column":8},"end":{"line":104,"column":57}},"65":{"start":{"line":105,"column":8},"end":{"line":105,"column":15}},"66":{"start":{"line":90,"column":13},"end":{"line":90,"column":26}}},"fnMap":{"0":{"name":"(anonymous_1)","decl":{"start":{"line":7,"column":26},"end":{"line":7,"column":31}},"loc":{"start":{"line":7,"column":85},"end":{"line":24,"column":1}}},"1":{"name":"(anonymous_2)","decl":{"start":{"line":27,"column":23},"end":{"line":27,"column":28}},"loc":{"start":{"line":27,"column":82},"end":{"line":50,"column":1}}},"2":{"name":"(anonymous_3)","decl":{"start":{"line":53,"column":27},"end":{"line":53,"column":32}},"loc":{"start":{"line":53,"column":81},"end":{"line":62,"column":1}}},"3":{"name":"(anonymous_4)","decl":{"start":{"line":65,"column":26},"end":{"line":65,"column":31}},"loc":{"start":{"line":65,"column":85},"end":{"line":87,"column":1}}},"4":{"name":"(anonymous_5)","decl":{"start":{"line":90,"column":26},"end":{"line":90,"column":31}},"loc":{"start":{"line":90,"column":85},"end":{"line":107,"column":1}}}},"branchMap":{"0":{"loc":{"start":{"line":13,"column":8},"end":{"line":19,"column":9}},"type":"if","locations":[{"start":{"line":13,"column":8},"end":{"line":19,"column":9}},{"start":{"line":16,"column":15},"end":{"line":19,"column":9}}]},"1":{"loc":{"start":{"line":32,"column":8},"end":{"line":45,"column":9}},"type":"if","locations":[{"start":{"line":32,"column":8},"end":{"line":45,"column":9}},{"start":{"line":42,"column":15},"end":{"line":45,"column":9}}]},"2":{"loc":{"start":{"line":32,"column":12},"end":{"line":32,"column":54}},"type":"binary-expr","locations":[{"start":{"line":32,"column":12},"end":{"line":32,"column":38}},{"start":{"line":32,"column":42},"end":{"line":32,"column":54}}]},"3":{"loc":{"start":{"line":35,"column":12},"end":{"line":41,"column":13}},"type":"if","locations":[{"start":{"line":35,"column":12},"end":{"line":41,"column":13}},{"start":{"line":38,"column":19},"end":{"line":41,"column":13}}]},"4":{"loc":{"start":{"line":70,"column":8},"end":{"line":82,"column":9}},"type":"if","locations":[{"start":{"line":70,"column":8},"end":{"line":82,"column":9}},{"start":{"line":79,"column":15},"end":{"line":82,"column":9}}]},"5":{"loc":{"start":{"line":70,"column":12},"end":{"line":70,"column":54}},"type":"binary-expr","locations":[{"start":{"line":70,"column":12},"end":{"line":70,"column":38}},{"start":{"line":70,"column":42},"end":{"line":70,"column":54}}]},"6":{"loc":{"start":{"line":71,"column":12},"end":{"line":74,"column":13}},"type":"if","locations":[{"start":{"line":71,"column":12},"end":{"line":74,"column":13}}]},"7":{"loc":{"start":{"line":95,"column":8},"end":{"line":102,"column":9}},"type":"if","locations":[{"start":{"line":95,"column":8},"end":{"line":102,"column":9}},{"start":{"line":99,"column":15},"end":{"line":102,"column":9}}]},"8":{"loc":{"start":{"line":95,"column":12},"end":{"line":95,"column":54}},"type":"binary-expr","locations":[{"start":{"line":95,"column":12},"end":{"line":95,"column":38}},{"start":{"line":95,"column":42},"end":{"line":95,"column":54}}]}},"s":{"0":3,"1":3,"2":3,"3":1,"4":1,"5":1,"6":1,"7":1,"8":1,"9":0,"10":0,"11":0,"12":0,"13":3,"14":3,"15":3,"16":3,"17":3,"18":3,"19":3,"20":2,"21":1,"22":1,"23":1,"24":1,"25":0,"26":0,"27":1,"28":1,"29":3,"30":3,"31":1,"32":1,"33":1,"34":1,"35":0,"36":0,"37":3,"38":3,"39":2,"40":2,"41":2,"42":2,"43":2,"44":0,"45":0,"46":2,"47":1,"48":1,"49":0,"50":0,"51":1,"52":1,"53":3,"54":3,"55":2,"56":2,"57":2,"58":2,"59":2,"60":1,"61":1,"62":0,"63":0,"64":1,"65":1,"66":3},"f":{"0":1,"1":3,"2":1,"3":2,"4":2},"b":{"0":[1,0],"1":[3,0],"2":[3,3],"3":[1,1],"4":[2,0],"5":[2,2],"6":[0],"7":[2,0],"8":[2,2]}}
,"C:\\Users\\Hp\\OneDrive\\Desktop\\BACKEND\\Server\\Middlewares\\middlewares.ts": {"path":"C:\\Users\\Hp\\OneDrive\\Desktop\\BACKEND\\Server\\Middlewares\\middlewares.ts","statementMap":{"0":{"start":{"line":2,"column":0},"end":{"line":2,"column":38}},"1":{"start":{"line":3,"column":0},"end":{"line":3,"column":44}},"2":{"start":{"line":9,"column":31},"end":{"line":47,"column":1}},"3":{"start":{"line":10,"column":4},"end":{"line":46,"column":5}},"4":{"start":{"line":11,"column":28},"end":{"line":11,"column":49}},"5":{"start":{"line":13,"column":8},"end":{"line":18,"column":9}},"6":{"start":{"line":14,"column":12},"end":{"line":16,"column":15}},"7":{"start":{"line":17,"column":12},"end":{"line":17,"column":19}},"8":{"start":{"line":20,"column":29},"end":{"line":20,"column":65}},"9":{"start":{"line":22,"column":8},"end":{"line":27,"column":9}},"10":{"start":{"line":23,"column":12},"end":{"line":25,"column":15}},"11":{"start":{"line":26,"column":12},"end":{"line":26,"column":19}},"12":{"start":{"line":29,"column":21},"end":{"line":29,"column":65}},"13":{"start":{"line":31,"column":8},"end":{"line":36,"column":9}},"14":{"start":{"line":32,"column":12},"end":{"line":34,"column":15}},"15":{"start":{"line":35,"column":12},"end":{"line":35,"column":19}},"16":{"start":{"line":38,"column":8},"end":{"line":38,"column":24}},"17":{"start":{"line":40,"column":8},"end":{"line":40,"column":15}},"18":{"start":{"line":42,"column":8},"end":{"line":44,"column":11}},"19":{"start":{"line":45,"column":8},"end":{"line":45,"column":15}},"20":{"start":{"line":9,"column":13},"end":{"line":9,"column":31}},"21":{"start":{"line":50,"column":23},"end":{"line":65,"column":1}},"22":{"start":{"line":51,"column":17},"end":{"line":51,"column":25}},"23":{"start":{"line":53,"column":4},"end":{"line":58,"column":5}},"24":{"start":{"line":54,"column":8},"end":{"line":56,"column":11}},"25":{"start":{"line":57,"column":8},"end":{"line":57,"column":15}},"26":{"start":{"line":60,"column":4},"end":{"line":62,"column":5}},"27":{"start":{"line":61,"column":8},"end":{"line":61,"column":88}},"28":{"start":{"line":64,"column":4},"end":{"line":64,"column":11}},"29":{"start":{"line":50,"column":13},"end":{"line":50,"column":23}}},"fnMap":{"0":{"name":"(anonymous_1)","decl":{"start":{"line":9,"column":31},"end":{"line":9,"column":36}},"loc":{"start":{"line":9,"column":110},"end":{"line":47,"column":1}}},"1":{"name":"(anonymous_2)","decl":{"start":{"line":50,"column":23},"end":{"line":50,"column":28}},"loc":{"start":{"line":50,"column":87},"end":{"line":65,"column":1}}}},"branchMap":{"0":{"loc":{"start":{"line":13,"column":8},"end":{"line":18,"column":9}},"type":"if","locations":[{"start":{"line":13,"column":8},"end":{"line":18,"column":9}}]},"1":{"loc":{"start":{"line":22,"column":8},"end":{"line":27,"column":9}},"type":"if","locations":[{"start":{"line":22,"column":8},"end":{"line":27,"column":9}}]},"2":{"loc":{"start":{"line":31,"column":8},"end":{"line":36,"column":9}},"type":"if","locations":[{"start":{"line":31,"column":8},"end":{"line":36,"column":9}}]},"3":{"loc":{"start":{"line":53,"column":4},"end":{"line":58,"column":5}},"type":"if","locations":[{"start":{"line":53,"column":4},"end":{"line":58,"column":5}}]},"4":{"loc":{"start":{"line":60,"column":4},"end":{"line":62,"column":5}},"type":"if","locations":[{"start":{"line":60,"column":4},"end":{"line":62,"column":5}}]}},"s":{"0":3,"1":3,"2":3,"3":27,"4":27,"5":27,"6":2,"7":2,"8":25,"9":25,"10":0,"11":0,"12":25,"13":25,"14":0,"15":0,"16":25,"17":25,"18":0,"19":0,"20":3,"21":3,"22":11,"23":11,"24":0,"25":0,"26":11,"27":0,"28":11,"29":3},"f":{"0":27,"1":11},"b":{"0":[2],"1":[0],"2":[0],"3":[0],"4":[0]}}
,"C:\\Users\\Hp\\OneDrive\\Desktop\\BACKEND\\Server\\Models\\BlogsCommentsModel.ts": {"path":"C:\\Users\\Hp\\OneDrive\\Desktop\\BACKEND\\Server\\Models\\BlogsCommentsModel.ts","statementMap":{"0":{"start":{"line":1,"column":0},"end":{"line":1,"column":61}},"1":{"start":{"line":10,"column":31},"end":{"line":30,"column":2}},"2":{"start":{"line":32,"column":38},"end":{"line":32,"column":98}},"3":{"start":{"line":33,"column":0},"end":{"line":33,"column":29}}},"fnMap":{},"branchMap":{},"s":{"0":3,"1":3,"2":3,"3":3},"f":{},"b":{}}
,"C:\\Users\\Hp\\OneDrive\\Desktop\\BACKEND\\Server\\Models\\BlogsModel.ts": {"path":"C:\\Users\\Hp\\OneDrive\\Desktop\\BACKEND\\Server\\Models\\BlogsModel.ts","statementMap":{"0":{"start":{"line":1,"column":0},"end":{"line":1,"column":61}},"1":{"start":{"line":12,"column":28},"end":{"line":34,"column":2}},"2":{"start":{"line":36,"column":32},"end":{"line":36,"column":78}},"3":{"start":{"line":37,"column":0},"end":{"line":37,"column":26}}},"fnMap":{},"branchMap":{},"s":{"0":3,"1":3,"2":3,"3":3},"f":{},"b":{}}
,"C:\\Users\\Hp\\OneDrive\\Desktop\\BACKEND\\Server\\Models\\UserModel.ts": {"path":"C:\\Users\\Hp\\OneDrive\\Desktop\\BACKEND\\Server\\Models\\UserModel.ts","statementMap":{"0":{"start":{"line":1,"column":0},"end":{"line":1,"column":53}},"1":{"start":{"line":11,"column":19},"end":{"line":35,"column":2}},"2":{"start":{"line":37,"column":31},"end":{"line":37,"column":72}},"3":{"start":{"line":38,"column":0},"end":{"line":38,"column":25}}},"fnMap":{},"branchMap":{},"s":{"0":3,"1":3,"2":3,"3":3},"f":{},"b":{}}
,"C:\\Users\\Hp\\OneDrive\\Desktop\\BACKEND\\Server\\Routes\\AuthRoute.ts": {"path":"C:\\Users\\Hp\\OneDrive\\Desktop\\BACKEND\\Server\\Routes\\AuthRoute.ts","statementMap":{"0":{"start":{"line":8,"column":0},"end":{"line":8,"column":42}},"1":{"start":{"line":9,"column":0},"end":{"line":9,"column":108}},"2":{"start":{"line":11,"column":23},"end":{"line":11,"column":39}},"3":{"start":{"line":49,"column":0},"end":{"line":49,"column":39}},"4":{"start":{"line":81,"column":0},"end":{"line":81,"column":33}},"5":{"start":{"line":98,"column":0},"end":{"line":98,"column":48}},"6":{"start":{"line":116,"column":0},"end":{"line":116,"column":33}},"7":{"start":{"line":134,"column":0},"end":{"line":134,"column":31}},"8":{"start":{"line":136,"column":0},"end":{"line":136,"column":22}}},"fnMap":{},"branchMap":{},"s":{"0":3,"1":3,"2":3,"3":3,"4":3,"5":3,"6":3,"7":3,"8":3},"f":{},"b":{}}
,"C:\\Users\\Hp\\OneDrive\\Desktop\\BACKEND\\Server\\Routes\\BlogsRoute.ts": {"path":"C:\\Users\\Hp\\OneDrive\\Desktop\\BACKEND\\Server\\Routes\\BlogsRoute.ts","statementMap":{"0":{"start":{"line":1,"column":0},"end":{"line":1,"column":42}},"1":{"start":{"line":2,"column":0},"end":{"line":2,"column":145}},"2":{"start":{"line":3,"column":0},"end":{"line":3,"column":70}},"3":{"start":{"line":5,"column":23},"end":{"line":5,"column":39}},"4":{"start":{"line":101,"column":0},"end":{"line":101,"column":55}},"5":{"start":{"line":115,"column":0},"end":{"line":115,"column":32}},"6":{"start":{"line":137,"column":0},"end":{"line":137,"column":28}},"7":{"start":{"line":165,"column":0},"end":{"line":165,"column":59}},"8":{"start":{"line":187,"column":0},"end":{"line":187,"column":60}},"9":{"start":{"line":220,"column":0},"end":{"line":220,"column":53}},"10":{"start":{"line":254,"column":0},"end":{"line":254,"column":58}},"11":{"start":{"line":276,"column":0},"end":{"line":276,"column":44}},"12":{"start":{"line":278,"column":0},"end":{"line":278,"column":22}}},"fnMap":{},"branchMap":{},"s":{"0":3,"1":3,"2":3,"3":3,"4":3,"5":3,"6":3,"7":3,"8":3,"9":3,"10":3,"11":3,"12":3},"f":{},"b":{}}
,"C:\\Users\\Hp\\OneDrive\\Desktop\\BACKEND\\Server\\Routes\\UserRoute.ts": {"path":"C:\\Users\\Hp\\OneDrive\\Desktop\\BACKEND\\Server\\Routes\\UserRoute.ts","statementMap":{"0":{"start":{"line":1,"column":0},"end":{"line":1,"column":41}},"1":{"start":{"line":2,"column":0},"end":{"line":2,"column":105}},"2":{"start":{"line":3,"column":0},"end":{"line":3,"column":70}},"3":{"start":{"line":5,"column":23},"end":{"line":5,"column":39}},"4":{"start":{"line":60,"column":0},"end":{"line":60,"column":52}},"5":{"start":{"line":78,"column":0},"end":{"line":78,"column":55}},"6":{"start":{"line":105,"column":0},"end":{"line":105,"column":45}},"7":{"start":{"line":143,"column":0},"end":{"line":143,"column":50}},"8":{"start":{"line":170,"column":0},"end":{"line":170,"column":51}},"9":{"start":{"line":171,"column":0},"end":{"line":171,"column":22}}},"fnMap":{},"branchMap":{},"s":{"0":3,"1":3,"2":3,"3":3,"4":3,"5":3,"6":3,"7":3,"8":3,"9":3},"f":{},"b":{}}
,"C:\\Users\\Hp\\OneDrive\\Desktop\\BACKEND\\Server\\utils\\server.ts": {"path":"C:\\Users\\Hp\\OneDrive\\Desktop\\BACKEND\\Server\\utils\\server.ts","statementMap":{"0":{"start":{"line":1,"column":0},"end":{"line":1,"column":47}},"1":{"start":{"line":2,"column":0},"end":{"line":2,"column":37}},"2":{"start":{"line":3,"column":0},"end":{"line":3,"column":28}},"3":{"start":{"line":4,"column":0},"end":{"line":4,"column":24}},"4":{"start":{"line":5,"column":0},"end":{"line":5,"column":40}},"5":{"start":{"line":6,"column":0},"end":{"line":6,"column":43}},"6":{"start":{"line":10,"column":0},"end":{"line":10,"column":44}},"7":{"start":{"line":11,"column":0},"end":{"line":11,"column":44}},"8":{"start":{"line":12,"column":0},"end":{"line":12,"column":46}},"9":{"start":{"line":14,"column":13},"end":{"line":14,"column":42}},"10":{"start":{"line":15,"column":0},"end":{"line":15,"column":23}},"11":{"start":{"line":18,"column":0},"end":{"line":21,"column":4}},"12":{"start":{"line":22,"column":0},"end":{"line":22,"column":43}},"13":{"start":{"line":23,"column":0},"end":{"line":23,"column":66}},"14":{"start":{"line":24,"column":0},"end":{"line":24,"column":24}},"15":{"start":{"line":26,"column":0},"end":{"line":26,"column":16}},"16":{"start":{"line":28,"column":0},"end":{"line":28,"column":28}},"17":{"start":{"line":29,"column":0},"end":{"line":29,"column":28}},"18":{"start":{"line":30,"column":0},"end":{"line":30,"column":29}},"19":{"start":{"line":31,"column":0},"end":{"line":33,"column":3}},"20":{"start":{"line":32,"column":4},"end":{"line":32,"column":66}}},"fnMap":{"0":{"name":"(anonymous_1)","decl":{"start":{"line":31,"column":13},"end":{"line":31,"column":14}},"loc":{"start":{"line":31,"column":45},"end":{"line":33,"column":1}}}},"branchMap":{},"s":{"0":3,"1":3,"2":3,"3":3,"4":3,"5":3,"6":3,"7":3,"8":3,"9":3,"10":3,"11":3,"12":3,"13":3,"14":3,"15":3,"16":3,"17":3,"18":3,"19":3,"20":0},"f":{"0":0},"b":{}}
,"C:\\Users\\Hp\\OneDrive\\Desktop\\BACKEND\\Server\\utils\\swagger.ts": {"path":"C:\\Users\\Hp\\OneDrive\\Desktop\\BACKEND\\Server\\utils\\swagger.ts","statementMap":{"0":{"start":{"line":2,"column":0},"end":{"line":2,"column":41}},"1":{"start":{"line":3,"column":0},"end":{"line":3,"column":43}},"2":{"start":{"line":6,"column":38},"end":{"line":32,"column":2}},"3":{"start":{"line":34,"column":20},"end":{"line":34,"column":41}},"4":{"start":{"line":38,"column":2},"end":{"line":42,"column":4}},"5":{"start":{"line":44,"column":2},"end":{"line":47,"column":5}},"6":{"start":{"line":45,"column":4},"end":{"line":45,"column":54}},"7":{"start":{"line":46,"column":4},"end":{"line":46,"column":26}},"8":{"start":{"line":49,"column":2},"end":{"line":49,"column":75}},"9":{"start":{"line":52,"column":0},"end":{"line":52,"column":27}}},"fnMap":{"0":{"name":"swaggerDocs","decl":{"start":{"line":36,"column":9},"end":{"line":36,"column":20}},"loc":{"start":{"line":36,"column":51},"end":{"line":50,"column":1}}},"1":{"name":"(anonymous_2)","decl":{"start":{"line":44,"column":24},"end":{"line":44,"column":25}},"loc":{"start":{"line":44,"column":56},"end":{"line":47,"column":3}}}},"branchMap":{},"s":{"0":3,"1":3,"2":3,"3":3,"4":3,"5":3,"6":0,"7":0,"8":3,"9":3},"f":{"0":3,"1":0},"b":{}}
}
