TN:
SF:Controllers\AuthController.ts
FN:9,(anonymous_1)
FN:54,(anonymous_2)
FN:111,(anonymous_3)
FN:152,(anonymous_4)
FN:179,(anonymous_5)
FNF:5
FNH:2
FNDA:5,(anonymous_1)
FNDA:5,(anonymous_2)
FNDA:0,(anonymous_3)
FNDA:0,(anonymous_4)
FNDA:0,(anonymous_5)
DA:2,1
DA:3,1
DA:4,1
DA:7,1
DA:9,1
DA:10,5
DA:12,5
DA:13,1
DA:14,1
DA:15,4
DA:16,1
DA:17,1
DA:18,3
DA:19,1
DA:20,1
DA:21,2
DA:22,1
DA:23,1
DA:26,1
DA:27,1
DA:29,1
DA:30,0
DA:31,0
DA:34,1
DA:35,1
DA:37,1
DA:45,1
DA:47,1
DA:49,0
DA:54,1
DA:55,5
DA:57,5
DA:58,1
DA:59,1
DA:60,4
DA:61,1
DA:62,1
DA:65,3
DA:66,3
DA:68,3
DA:69,2
DA:71,2
DA:72,1
DA:73,1
DA:77,1
DA:80,1
DA:82,1
DA:89,1
DA:96,1
DA:97,1
DA:100,1
DA:101,1
DA:104,0
DA:105,0
DA:111,1
DA:112,0
DA:113,0
DA:115,0
DA:116,0
DA:119,0
DA:122,0
DA:124,0
DA:125,0
DA:128,0
DA:131,0
DA:133,0
DA:134,0
DA:137,0
DA:141,0
DA:143,0
DA:146,0
DA:152,1
DA:153,0
DA:154,0
DA:157,0
DA:159,0
DA:160,0
DA:166,0
DA:168,0
DA:173,0
DA:175,0
DA:179,1
DA:183,0
DA:184,0
DA:186,0
LF:85
LH:52
BRDA:12,0,0,1
BRDA:12,0,1,4
BRDA:15,1,0,1
BRDA:15,1,1,3
BRDA:18,2,0,1
BRDA:18,2,1,2
BRDA:21,3,0,1
BRDA:29,4,0,0
BRDA:42,5,0,1
BRDA:42,5,1,1
BRDA:57,6,0,1
BRDA:57,6,1,4
BRDA:60,7,0,1
BRDA:68,8,0,2
BRDA:68,8,1,1
BRDA:71,9,0,1
BRDA:115,10,0,0
BRDA:124,11,0,0
BRDA:133,12,0,0
BRDA:159,13,0,0
BRF:20
BRH:15
end_of_record
TN:
SF:Controllers\BlogsController.ts
FN:7,(anonymous_1)
FN:20,(anonymous_2)
FN:33,(anonymous_3)
FN:43,(anonymous_4)
FN:62,(anonymous_5)
FN:79,(anonymous_6)
FN:105,(anonymous_7)
FN:132,(anonymous_8)
FNF:8
FNH:2
FNDA:0,(anonymous_1)
FNDA:2,(anonymous_2)
FNDA:1,(anonymous_3)
FNDA:0,(anonymous_4)
FNDA:0,(anonymous_5)
FNDA:0,(anonymous_6)
FNDA:0,(anonymous_7)
FNDA:0,(anonymous_8)
DA:1,1
DA:3,1
DA:7,1
DA:8,0
DA:10,0
DA:11,0
DA:12,0
DA:14,0
DA:20,1
DA:21,2
DA:23,2
DA:24,2
DA:25,1
DA:27,1
DA:33,1
DA:34,1
DA:35,1
DA:36,1
DA:38,0
DA:43,1
DA:44,0
DA:46,0
DA:47,0
DA:48,0
DA:49,0
DA:50,0
DA:54,0
DA:57,0
DA:62,1
DA:63,0
DA:65,0
DA:66,0
DA:67,0
DA:68,0
DA:69,0
DA:71,0
DA:74,0
DA:79,1
DA:80,0
DA:81,0
DA:83,0
DA:84,0
DA:85,0
DA:86,0
DA:87,0
DA:88,0
DA:89,0
DA:90,0
DA:92,0
DA:93,0
DA:94,0
DA:97,0
DA:100,0
DA:105,1
DA:106,0
DA:107,0
DA:109,0
DA:110,0
DA:112,0
DA:113,0
DA:114,0
DA:115,0
DA:116,0
DA:118,0
DA:119,0
DA:121,0
DA:124,0
DA:127,0
DA:132,1
DA:133,0
DA:135,0
DA:136,0
DA:138,0
DA:139,0
DA:141,0
DA:142,0
DA:144,0
DA:145,0
DA:148,0
DA:151,0
LF:80
LH:18
BRDA:48,0,0,0
BRDA:48,0,1,0
BRDA:67,1,0,0
BRDA:67,1,1,0
BRDA:85,2,0,0
BRDA:85,2,1,0
BRDA:87,3,0,0
BRDA:87,3,1,0
BRDA:114,4,0,0
BRDA:114,4,1,0
BRDA:138,5,0,0
BRDA:138,5,1,0
BRDA:141,6,0,0
BRDA:141,6,1,0
BRF:14
BRH:0
end_of_record
TN:
SF:Controllers\UserController.ts
FN:7,(anonymous_1)
FN:27,(anonymous_2)
FN:53,(anonymous_3)
FN:65,(anonymous_4)
FN:90,(anonymous_5)
FNF:5
FNH:4
FNDA:0,(anonymous_1)
FNDA:2,(anonymous_2)
FNDA:2,(anonymous_3)
FNDA:2,(anonymous_4)
FNDA:2,(anonymous_5)
DA:2,1
DA:3,1
DA:7,1
DA:8,0
DA:10,0
DA:11,0
DA:13,0
DA:14,0
DA:15,0
DA:17,0
DA:18,0
DA:21,0
DA:22,0
DA:27,1
DA:28,2
DA:29,2
DA:31,2
DA:32,2
DA:33,0
DA:35,0
DA:36,0
DA:37,0
DA:39,0
DA:40,0
DA:43,0
DA:44,0
DA:47,2
DA:48,1
DA:53,1
DA:54,2
DA:55,2
DA:56,0
DA:57,0
DA:59,2
DA:60,0
DA:65,1
DA:66,2
DA:67,2
DA:69,2
DA:70,2
DA:71,1
DA:72,0
DA:73,0
DA:75,1
DA:77,0
DA:78,0
DA:80,1
DA:81,1
DA:84,1
DA:85,1
DA:90,1
DA:91,2
DA:92,2
DA:94,2
DA:95,2
DA:96,1
DA:97,1
DA:98,1
DA:100,1
DA:101,1
DA:104,0
DA:105,0
LF:62
LH:35
BRDA:13,0,0,0
BRDA:13,0,1,0
BRDA:32,1,0,0
BRDA:32,1,1,0
BRDA:32,2,0,2
BRDA:32,2,1,0
BRDA:35,3,0,0
BRDA:35,3,1,0
BRDA:70,4,0,1
BRDA:70,4,1,1
BRDA:70,5,0,2
BRDA:70,5,1,1
BRDA:71,6,0,0
BRDA:95,7,0,1
BRDA:95,7,1,1
BRDA:95,8,0,2
BRDA:95,8,1,1
BRF:17
BRH:9
end_of_record
TN:
SF:Middlewares\middlewares.ts
FN:11,(anonymous_1)
FN:52,(anonymous_2)
FNF:2
FNH:1
FNDA:6,(anonymous_1)
FNDA:0,(anonymous_2)
DA:2,1
DA:4,1
DA:11,1
DA:12,6
DA:13,6
DA:15,6
DA:16,6
DA:19,6
DA:22,0
DA:24,0
DA:25,0
DA:28,0
DA:32,0
DA:34,0
DA:35,0
DA:38,0
DA:42,0
DA:44,0
DA:46,0
DA:52,1
DA:54,0
DA:56,0
DA:57,0
DA:60,0
DA:64,0
DA:65,0
DA:68,0
LF:27
LH:9
BRDA:15,0,0,6
BRDA:24,1,0,0
BRDA:34,2,0,0
BRDA:56,3,0,0
BRDA:64,4,0,0
BRF:5
BRH:1
end_of_record
TN:
SF:Models\BlogsCommentsModel.ts
FNF:0
FNH:0
DA:1,1
DA:10,1
DA:32,1
DA:33,1
LF:4
LH:4
BRF:0
BRH:0
end_of_record
TN:
SF:Models\BlogsModel.ts
FNF:0
FNH:0
DA:1,1
DA:12,1
DA:36,1
DA:37,1
LF:4
LH:4
BRF:0
BRH:0
end_of_record
TN:
SF:Models\UserModel.ts
FNF:0
FNH:0
DA:1,1
DA:11,1
DA:37,1
DA:38,1
LF:4
LH:4
BRF:0
BRH:0
end_of_record
TN:
SF:Routes\AuthRoute.ts
FNF:0
FNH:0
DA:8,1
DA:9,1
DA:11,1
DA:49,1
DA:81,1
DA:98,1
DA:116,1
DA:134,1
DA:136,1
LF:9
LH:9
BRF:0
BRH:0
end_of_record
TN:
SF:Routes\BlogsRoute.ts
FNF:0
FNH:0
DA:1,1
DA:2,1
DA:3,1
DA:5,1
DA:101,1
DA:115,1
DA:137,1
DA:165,1
DA:187,1
DA:220,1
DA:254,1
DA:276,1
DA:278,1
LF:13
LH:13
BRF:0
BRH:0
end_of_record
TN:
SF:Routes\UserRoute.ts
FNF:0
FNH:0
DA:1,1
DA:2,1
DA:3,1
DA:5,1
DA:60,1
DA:78,1
DA:105,1
DA:143,1
DA:170,1
DA:171,1
LF:10
LH:10
BRF:0
BRH:0
end_of_record
TN:
SF:utils\server.ts
FN:31,(anonymous_1)
FNF:1
FNH:0
FNDA:0,(anonymous_1)
DA:1,1
DA:2,1
DA:3,1
DA:4,1
DA:5,1
DA:6,1
DA:10,1
DA:11,1
DA:12,1
DA:14,1
DA:15,1
DA:18,1
DA:22,1
DA:23,1
DA:24,1
DA:26,1
DA:28,1
DA:29,1
DA:30,1
DA:31,1
DA:32,0
LF:21
LH:20
BRF:0
BRH:0
end_of_record
TN:
SF:utils\swagger.ts
FN:36,swaggerDocs
FN:44,(anonymous_2)
FNF:2
FNH:1
FNDA:1,swaggerDocs
FNDA:0,(anonymous_2)
DA:2,1
DA:3,1
DA:6,1
DA:34,1
DA:38,1
DA:44,1
DA:45,0
DA:46,0
DA:49,1
DA:52,1
LF:10
LH:8
BRF:0
BRH:0
end_of_record
