TN:
SF:Controllers\AuthController.ts
FN:9,(anonymous_1)
FN:54,(anonymous_2)
FN:111,(anonymous_3)
FN:152,(anonymous_4)
FN:179,(anonymous_5)
FNF:5
FNH:2
FNDA:6,(anonymous_1)
FNDA:38,(anonymous_2)
FNDA:0,(anonymous_3)
FNDA:0,(anonymous_4)
FNDA:0,(anonymous_5)
DA:2,3
DA:3,3
DA:4,3
DA:7,3
DA:9,3
DA:10,6
DA:12,6
DA:13,1
DA:14,1
DA:15,5
DA:16,1
DA:17,1
DA:18,4
DA:19,1
DA:20,1
DA:21,3
DA:22,1
DA:23,1
DA:26,2
DA:27,2
DA:29,2
DA:30,1
DA:31,1
DA:34,1
DA:35,1
DA:37,1
DA:45,1
DA:47,1
DA:49,0
DA:54,3
DA:55,38
DA:57,38
DA:58,1
DA:59,1
DA:60,37
DA:61,1
DA:62,1
DA:65,36
DA:66,36
DA:68,36
DA:69,35
DA:71,35
DA:72,1
DA:73,1
DA:77,34
DA:80,34
DA:82,34
DA:89,34
DA:96,34
DA:97,34
DA:100,1
DA:101,1
DA:104,0
DA:105,0
DA:111,3
DA:112,0
DA:113,0
DA:115,0
DA:116,0
DA:119,0
DA:122,0
DA:124,0
DA:125,0
DA:128,0
DA:131,0
DA:133,0
DA:134,0
DA:137,0
DA:141,0
DA:143,0
DA:146,0
DA:152,3
DA:153,0
DA:154,0
DA:157,0
DA:159,0
DA:160,0
DA:166,0
DA:168,0
DA:173,0
DA:175,0
DA:179,3
DA:183,0
DA:184,0
DA:186,0
LF:85
LH:54
BRDA:12,0,0,1
BRDA:12,0,1,5
BRDA:15,1,0,1
BRDA:15,1,1,4
BRDA:18,2,0,1
BRDA:18,2,1,3
BRDA:21,3,0,1
BRDA:29,4,0,1
BRDA:42,5,0,1
BRDA:42,5,1,0
BRDA:57,6,0,1
BRDA:57,6,1,37
BRDA:60,7,0,1
BRDA:68,8,0,35
BRDA:68,8,1,1
BRDA:71,9,0,1
BRDA:115,10,0,0
BRDA:124,11,0,0
BRDA:133,12,0,0
BRDA:159,13,0,0
BRF:20
BRH:15
end_of_record
TN:
SF:Controllers\BlogsController.ts
FN:7,(anonymous_1)
FN:20,(anonymous_2)
FN:33,(anonymous_3)
FN:43,(anonymous_4)
FN:62,(anonymous_5)
FN:79,(anonymous_6)
FN:105,(anonymous_7)
FN:132,(anonymous_8)
FNF:8
FNH:8
FNDA:5,(anonymous_1)
FNDA:2,(anonymous_2)
FNDA:1,(anonymous_3)
FNDA:2,(anonymous_4)
FNDA:3,(anonymous_5)
FNDA:3,(anonymous_6)
FNDA:3,(anonymous_7)
FNDA:3,(anonymous_8)
DA:1,3
DA:3,3
DA:7,3
DA:8,5
DA:10,5
DA:11,5
DA:12,1
DA:14,4
DA:20,3
DA:21,2
DA:23,2
DA:24,2
DA:25,1
DA:27,1
DA:33,3
DA:34,1
DA:35,1
DA:36,1
DA:38,0
DA:43,3
DA:44,2
DA:46,2
DA:47,2
DA:48,1
DA:49,1
DA:50,1
DA:54,0
DA:57,1
DA:62,3
DA:63,3
DA:65,3
DA:66,3
DA:67,2
DA:68,1
DA:69,1
DA:71,1
DA:74,1
DA:79,3
DA:80,3
DA:81,3
DA:83,3
DA:84,3
DA:85,2
DA:86,1
DA:87,1
DA:88,0
DA:89,0
DA:90,0
DA:92,1
DA:93,1
DA:94,1
DA:97,1
DA:100,1
DA:105,3
DA:106,3
DA:107,3
DA:109,3
DA:110,3
DA:112,3
DA:113,3
DA:114,2
DA:115,1
DA:116,1
DA:118,1
DA:119,1
DA:121,1
DA:124,1
DA:127,1
DA:132,3
DA:133,3
DA:135,3
DA:136,3
DA:138,2
DA:139,1
DA:141,1
DA:142,0
DA:144,1
DA:145,1
DA:148,1
DA:151,1
LF:80
LH:74
BRDA:48,0,0,1
BRDA:48,0,1,0
BRDA:67,1,0,1
BRDA:67,1,1,1
BRDA:85,2,0,1
BRDA:85,2,1,1
BRDA:87,3,0,0
BRDA:87,3,1,1
BRDA:114,4,0,1
BRDA:114,4,1,1
BRDA:138,5,0,1
BRDA:138,5,1,1
BRDA:141,6,0,0
BRDA:141,6,1,1
BRF:14
BRH:11
end_of_record
TN:
SF:Controllers\UserController.ts
FN:7,(anonymous_1)
FN:27,(anonymous_2)
FN:53,(anonymous_3)
FN:65,(anonymous_4)
FN:90,(anonymous_5)
FNF:5
FNH:5
FNDA:1,(anonymous_1)
FNDA:3,(anonymous_2)
FNDA:1,(anonymous_3)
FNDA:2,(anonymous_4)
FNDA:2,(anonymous_5)
DA:2,3
DA:3,3
DA:7,3
DA:8,1
DA:10,1
DA:11,1
DA:13,1
DA:14,1
DA:15,1
DA:17,0
DA:18,0
DA:21,0
DA:22,0
DA:27,3
DA:28,3
DA:29,3
DA:31,3
DA:32,3
DA:33,3
DA:35,2
DA:36,1
DA:37,1
DA:39,1
DA:40,1
DA:43,0
DA:44,0
DA:47,1
DA:48,1
DA:53,3
DA:54,1
DA:55,1
DA:56,1
DA:57,1
DA:59,0
DA:60,0
DA:65,3
DA:66,2
DA:67,2
DA:69,2
DA:70,2
DA:71,2
DA:72,0
DA:73,0
DA:75,2
DA:77,1
DA:78,1
DA:80,0
DA:81,0
DA:84,1
DA:85,1
DA:90,3
DA:91,2
DA:92,2
DA:94,2
DA:95,2
DA:96,2
DA:97,1
DA:98,1
DA:100,0
DA:101,0
DA:104,1
DA:105,1
LF:62
LH:48
BRDA:13,0,0,1
BRDA:13,0,1,0
BRDA:32,1,0,3
BRDA:32,1,1,0
BRDA:32,2,0,3
BRDA:32,2,1,3
BRDA:35,3,0,1
BRDA:35,3,1,1
BRDA:70,4,0,2
BRDA:70,4,1,0
BRDA:70,5,0,2
BRDA:70,5,1,2
BRDA:71,6,0,0
BRDA:95,7,0,2
BRDA:95,7,1,0
BRDA:95,8,0,2
BRDA:95,8,1,2
BRF:17
BRH:12
end_of_record
TN:
SF:Middlewares\middlewares.ts
FN:9,(anonymous_1)
FN:50,(anonymous_2)
FNF:2
FNH:2
FNDA:27,(anonymous_1)
FNDA:11,(anonymous_2)
DA:2,3
DA:3,3
DA:9,3
DA:10,27
DA:11,27
DA:13,27
DA:14,2
DA:17,2
DA:20,25
DA:22,25
DA:23,0
DA:26,0
DA:29,25
DA:31,25
DA:32,0
DA:35,0
DA:38,25
DA:40,25
DA:42,0
DA:45,0
DA:50,3
DA:51,11
DA:53,11
DA:54,0
DA:57,0
DA:60,11
DA:61,0
DA:64,11
LF:28
LH:19
BRDA:13,0,0,2
BRDA:22,1,0,0
BRDA:31,2,0,0
BRDA:53,3,0,0
BRDA:60,4,0,0
BRF:5
BRH:1
end_of_record
TN:
SF:Models\BlogsCommentsModel.ts
FNF:0
FNH:0
DA:1,3
DA:10,3
DA:32,3
DA:33,3
LF:4
LH:4
BRF:0
BRH:0
end_of_record
TN:
SF:Models\BlogsModel.ts
FNF:0
FNH:0
DA:1,3
DA:12,3
DA:36,3
DA:37,3
LF:4
LH:4
BRF:0
BRH:0
end_of_record
TN:
SF:Models\UserModel.ts
FNF:0
FNH:0
DA:1,3
DA:11,3
DA:37,3
DA:38,3
LF:4
LH:4
BRF:0
BRH:0
end_of_record
TN:
SF:Routes\AuthRoute.ts
FNF:0
FNH:0
DA:8,3
DA:9,3
DA:11,3
DA:49,3
DA:81,3
DA:98,3
DA:116,3
DA:134,3
DA:136,3
LF:9
LH:9
BRF:0
BRH:0
end_of_record
TN:
SF:Routes\BlogsRoute.ts
FNF:0
FNH:0
DA:1,3
DA:2,3
DA:3,3
DA:5,3
DA:101,3
DA:115,3
DA:137,3
DA:165,3
DA:187,3
DA:220,3
DA:254,3
DA:276,3
DA:278,3
LF:13
LH:13
BRF:0
BRH:0
end_of_record
TN:
SF:Routes\UserRoute.ts
FNF:0
FNH:0
DA:1,3
DA:2,3
DA:3,3
DA:5,3
DA:60,3
DA:78,3
DA:105,3
DA:143,3
DA:170,3
DA:171,3
LF:10
LH:10
BRF:0
BRH:0
end_of_record
TN:
SF:utils\server.ts
FN:31,(anonymous_1)
FNF:1
FNH:0
FNDA:0,(anonymous_1)
DA:1,3
DA:2,3
DA:3,3
DA:4,3
DA:5,3
DA:6,3
DA:10,3
DA:11,3
DA:12,3
DA:14,3
DA:15,3
DA:18,3
DA:22,3
DA:23,3
DA:24,3
DA:26,3
DA:28,3
DA:29,3
DA:30,3
DA:31,3
DA:32,0
LF:21
LH:20
BRF:0
BRH:0
end_of_record
TN:
SF:utils\swagger.ts
FN:36,swaggerDocs
FN:44,(anonymous_2)
FNF:2
FNH:1
FNDA:3,swaggerDocs
FNDA:0,(anonymous_2)
DA:2,3
DA:3,3
DA:6,3
DA:34,3
DA:38,3
DA:44,3
DA:45,0
DA:46,0
DA:49,3
DA:52,3
LF:10
LH:8
BRF:0
BRH:0
end_of_record
